{"/Users/alexkaufman/Desktop/Root/Programming Projects/React-Testing-&-Debugging/src/index.js": {"path":"/Users/alexkaufman/Desktop/Root/Programming Projects/React-Testing-&-Debugging/src/index.js","statementMap":{"0":{"start":{"line":1,"column":58},"end":{"line":1,"column":151}}},"fnMap":{},"branchMap":{},"s":{"0":0},"f":{},"b":{}}
,"/Users/alexkaufman/Desktop/Root/Programming Projects/React-Testing-&-Debugging/src/components/App.jsx": {"path":"/Users/alexkaufman/Desktop/Root/Programming Projects/React-Testing-&-Debugging/src/components/App.jsx","statementMap":{"0":{"start":{"line":13,"column":4},"end":{"line":13,"column":17}},"1":{"start":{"line":14,"column":4},"end":{"line":14,"column":29}},"2":{"start":{"line":18,"column":4},"end":{"line":31,"column":6}}},"fnMap":{"0":{"name":"(anonymous_0)","decl":{"start":{"line":12,"column":2},"end":{"line":12,"column":3}},"loc":{"start":{"line":12,"column":26},"end":{"line":15,"column":3}},"line":12},"1":{"name":"(anonymous_1)","decl":{"start":{"line":17,"column":2},"end":{"line":17,"column":3}},"loc":{"start":{"line":17,"column":11},"end":{"line":32,"column":3}},"line":17}},"branchMap":{},"s":{"0":1,"1":1,"2":1},"f":{"0":1,"1":1},"b":{},"_coverageSchema":"332fd63041d2c1bcb487cc26dd0d5f7d97098a6c","hash":"0f9cc91cfd31f26c9d4e3498b91aa7d43e4cb7b6"}
,"/Users/alexkaufman/Desktop/Root/Programming Projects/React-Testing-&-Debugging/src/components/listings/Grid.jsx": {"path":"/Users/alexkaufman/Desktop/Root/Programming Projects/React-Testing-&-Debugging/src/components/listings/Grid.jsx","statementMap":{"0":{"start":{"line":6,"column":4},"end":{"line":8,"column":7}},"1":{"start":{"line":7,"column":6},"end":{"line":7,"column":41}},"2":{"start":{"line":12,"column":4},"end":{"line":20,"column":5}}},"fnMap":{"0":{"name":"(anonymous_0)","decl":{"start":{"line":5,"column":2},"end":{"line":5,"column":3}},"loc":{"start":{"line":5,"column":15},"end":{"line":9,"column":3}},"line":5},"1":{"name":"(anonymous_1)","decl":{"start":{"line":6,"column":32},"end":{"line":6,"column":33}},"loc":{"start":{"line":7,"column":6},"end":{"line":7,"column":41}},"line":7},"2":{"name":"(anonymous_2)","decl":{"start":{"line":11,"column":2},"end":{"line":11,"column":3}},"loc":{"start":{"line":11,"column":11},"end":{"line":21,"column":3}},"line":11}},"branchMap":{},"s":{"0":1,"1":12,"2":1},"f":{"0":1,"1":12,"2":1},"b":{},"_coverageSchema":"332fd63041d2c1bcb487cc26dd0d5f7d97098a6c","hash":"2b9510f671053f12eddf4e1cbe035de9bd317487"}
,"/Users/alexkaufman/Desktop/Root/Programming Projects/React-Testing-&-Debugging/src/components/listings/Single.jsx": {"path":"/Users/alexkaufman/Desktop/Root/Programming Projects/React-Testing-&-Debugging/src/components/listings/Single.jsx","statementMap":{"0":{"start":{"line":17,"column":16},"end":{"line":40,"column":7}},"1":{"start":{"line":18,"column":2},"end":{"line":40,"column":7}}},"fnMap":{"0":{"name":"(anonymous_0)","decl":{"start":{"line":17,"column":16},"end":{"line":17,"column":17}},"loc":{"start":{"line":18,"column":2},"end":{"line":40,"column":7}},"line":18}},"branchMap":{},"s":{"0":2,"1":13},"f":{"0":13},"b":{},"_coverageSchema":"332fd63041d2c1bcb487cc26dd0d5f7d97098a6c","hash":"282df208263d1359d91ef25e546013c78ba8db48"}
}
